<?xml version="1.0" encoding="UTF-8"?>
<!-- Generated by org.testng.reporters.JUnitReportReporter -->
<testsuite hostname="SushiPC" failures="0" tests="1" name="datvuong.Appium.ScrollDemo" time="10.550" errors="0" timestamp="2024-04-24T23:01:27 ICT" skipped="0">
  <testcase classname="datvuong.Appium.ScrollDemo" name="scrollDemoTest" time="10.550"/>
  <system-out/>
</testsuite> <!-- datvuong.Appium.ScrollDemo -->
