<?xml version="1.0" encoding="UTF-8"?>
<!-- Generated by org.testng.reporters.JUnitReportReporter -->
<testsuite hostname="SushiPC" failures="0" tests="1" name="datvuong.Appium.LongPressTest" time="9.229" errors="0" timestamp="2024-04-24T22:47:56 ICT" skipped="0">
  <testcase classname="datvuong.Appium.LongPressTest" name="scrollDemoTest" time="9.229"/>
  <system-out/>
</testsuite> <!-- datvuong.Appium.LongPressTest -->
