<?xml version="1.0" encoding="UTF-8"?>
<!-- Generated by org.testng.reporters.JUnitReportReporter -->
<testsuite hostname="SushiPC" failures="0" tests="1" name="datvuong.Appium.SwipeDemo" time="9.298" errors="0" timestamp="2024-04-24T23:32:19 ICT" skipped="0">
  <testcase classname="datvuong.Appium.SwipeDemo" name="scrollDemoTest" time="9.298"/>
  <system-out/>
</testsuite> <!-- datvuong.Appium.SwipeDemo -->
